<?xml version="1.0" encoding="UTF-8"?>
<!-- Generated by org.testng.reporters.JUnitXMLReporter -->
<testsuite hostname="DESKTOP-U6CGOS3" ignored="0" name="ChromeTest" tests="1" failures="0" timestamp="19 Jan 2021 10:54:56 GMT" time="0.198" errors="0">
  <testcase name="@BeforeTest setup" time="0.128" classname="com.suite1.TestCases.TC01_TestCase">
    <failure type="java.lang.IllegalStateException" message="The driver executable does not exist: E:\HCL Training\Testing\MakeMyTripExample\.\chromedriver.exe">
      <![CDATA[java.lang.IllegalStateException: The driver executable does not exist: E:\HCL Training\Testing\MakeMyTripExample\.\chromedriver.exe
at com.google.common.base.Preconditions.checkState(Preconditions.java:585)
at org.openqa.selenium.remote.service.DriverService.checkExecutable(DriverService.java:146)
at org.openqa.selenium.remote.service.DriverService.findExecutable(DriverService.java:141)
at org.openqa.selenium.chrome.ChromeDriverService.access$000(ChromeDriverService.java:35)
at org.openqa.selenium.chrome.ChromeDriverService$Builder.findDefaultExecutable(ChromeDriverService.java:159)
at org.openqa.selenium.remote.service.DriverService$Builder.build(DriverService.java:355)
at org.openqa.selenium.chrome.ChromeDriverService.createDefaultService(ChromeDriverService.java:94)
at org.openqa.selenium.chrome.ChromeDriver.<init>(ChromeDriver.java:123)
at com.suite1.TestCases.TC01_TestCase.setup(TC01_TestCase.java:45)
at java.util.concurrent.FutureTask.run(FutureTask.java:266)
at java.util.concurrent.ThreadPoolExecutor.runWorker(ThreadPoolExecutor.java:1149)
at java.util.concurrent.ThreadPoolExecutor$Worker.run(ThreadPoolExecutor.java:624)
at java.lang.Thread.run(Thread.java:748)
... Removed 15 stack frames]]>
    </failure>
  </testcase> <!-- @BeforeTest setup -->
  <testcase name="@BeforeClass startTest" time="0.0" classname="com.suite1.TestCases.TC01_TestCase">
    <skipped/>
  </testcase> <!-- @BeforeClass startTest -->
  <testcase name="@BeforeMethod Before" time="0.0" classname="com.suite1.TestCases.TC01_TestCase">
    <skipped/>
  </testcase> <!-- @BeforeMethod Before -->
  <testcase name="@AfterClass endTest" time="0.0" classname="com.suite1.TestCases.TC01_TestCase">
    <skipped/>
  </testcase> <!-- @AfterClass endTest -->
  <testcase name="SearchPlansTestCase" time="0.0" classname="com.suite1.TestCases.TC01_TestCase">
    <skipped/>
  </testcase> <!-- SearchPlansTestCase -->
</testsuite> <!-- ChromeTest -->
