<?xml version="1.0" encoding="UTF-8"?>
<!-- Generated by org.testng.reporters.JUnitXMLReporter -->
<testsuite hostname="DESKTOP-U6CGOS3" ignored="0" name="EdgeTest" tests="1" failures="0" timestamp="19 Jan 2021 10:53:50 GMT" time="0.058" errors="0">
  <testcase name="@BeforeTest setup" time="0.043" classname="com.suite1.TestCases.TC01_TestCase">
    <failure type="java.lang.IllegalStateException" message="The driver executable does not exist: E:\HCL Training\Testing\MakeMyTripExample\.\MicrosoftWebDriver.exe">
      <![CDATA[java.lang.IllegalStateException: The driver executable does not exist: E:\HCL Training\Testing\MakeMyTripExample\.\MicrosoftWebDriver.exe
at com.google.common.base.Preconditions.checkState(Preconditions.java:585)
at org.openqa.selenium.remote.service.DriverService.checkExecutable(DriverService.java:146)
at org.openqa.selenium.remote.service.DriverService.findExecutable(DriverService.java:141)
at org.openqa.selenium.edge.EdgeDriverService.access$000(EdgeDriverService.java:37)
at org.openqa.selenium.edge.EdgeDriverService$Builder.findDefaultExecutable(EdgeDriverService.java:90)
at org.openqa.selenium.remote.service.DriverService$Builder.build(DriverService.java:355)
at org.openqa.selenium.edge.EdgeDriverService.createDefaultService(EdgeDriverService.java:70)
at org.openqa.selenium.edge.EdgeDriver.<init>(EdgeDriver.java:96)
at com.suite1.TestCases.TC01_TestCase.setup(TC01_TestCase.java:49)
at java.util.concurrent.FutureTask.run(FutureTask.java:266)
at java.util.concurrent.ThreadPoolExecutor.runWorker(ThreadPoolExecutor.java:1149)
at java.util.concurrent.ThreadPoolExecutor$Worker.run(ThreadPoolExecutor.java:624)
at java.lang.Thread.run(Thread.java:748)
... Removed 15 stack frames]]>
    </failure>
  </testcase> <!-- @BeforeTest setup -->
  <testcase name="@BeforeClass startTest" time="0.0" classname="com.suite1.TestCases.TC01_TestCase">
    <skipped/>
  </testcase> <!-- @BeforeClass startTest -->
  <testcase name="@BeforeMethod Before" time="0.0" classname="com.suite1.TestCases.TC01_TestCase">
    <skipped/>
  </testcase> <!-- @BeforeMethod Before -->
  <testcase name="@AfterClass endTest" time="0.0" classname="com.suite1.TestCases.TC01_TestCase">
    <skipped/>
  </testcase> <!-- @AfterClass endTest -->
  <testcase name="SearchPlansTestCase" time="0.0" classname="com.suite1.TestCases.TC01_TestCase">
    <skipped/>
  </testcase> <!-- SearchPlansTestCase -->
</testsuite> <!-- EdgeTest -->
