<?xml version="1.0" encoding="UTF-8"?>
<!-- Generated by org.testng.reporters.JUnitXMLReporter -->
<testsuite hostname="DESKTOP-U6CGOS3" ignored="0" name="FirefoxTest" tests="1" failures="0" timestamp="19 Jan 2021 10:54:56 GMT" time="0.316" errors="0">
  <testcase name="@BeforeTest setup" time="0.293" classname="com.suite1.TestCases.TC01_TestCase">
    <failure type="java.lang.IllegalStateException" message="The driver executable does not exist: E:\HCL Training\Testing\MakeMyTripExample\.\geckodriver.exe">
      <![CDATA[java.lang.IllegalStateException: The driver executable does not exist: E:\HCL Training\Testing\MakeMyTripExample\.\geckodriver.exe
at com.google.common.base.Preconditions.checkState(Preconditions.java:585)
at org.openqa.selenium.remote.service.DriverService.checkExecutable(DriverService.java:146)
at org.openqa.selenium.remote.service.DriverService.findExecutable(DriverService.java:141)
at org.openqa.selenium.firefox.GeckoDriverService.access$100(GeckoDriverService.java:44)
at org.openqa.selenium.firefox.GeckoDriverService$Builder.findDefaultExecutable(GeckoDriverService.java:167)
at org.openqa.selenium.remote.service.DriverService$Builder.build(DriverService.java:355)
at org.openqa.selenium.firefox.FirefoxDriver.toExecutor(FirefoxDriver.java:190)
at org.openqa.selenium.firefox.FirefoxDriver.<init>(FirefoxDriver.java:147)
at org.openqa.selenium.firefox.FirefoxDriver.<init>(FirefoxDriver.java:125)
at com.suite1.TestCases.TC01_TestCase.setup(TC01_TestCase.java:41)
at java.util.concurrent.FutureTask.run(FutureTask.java:266)
at java.util.concurrent.ThreadPoolExecutor.runWorker(ThreadPoolExecutor.java:1149)
at java.util.concurrent.ThreadPoolExecutor$Worker.run(ThreadPoolExecutor.java:624)
at java.lang.Thread.run(Thread.java:748)
... Removed 15 stack frames]]>
    </failure>
  </testcase> <!-- @BeforeTest setup -->
  <testcase name="@BeforeClass startTest" time="0.0" classname="com.suite1.TestCases.TC01_TestCase">
    <skipped/>
  </testcase> <!-- @BeforeClass startTest -->
  <testcase name="@BeforeMethod Before" time="0.0" classname="com.suite1.TestCases.TC01_TestCase">
    <skipped/>
  </testcase> <!-- @BeforeMethod Before -->
  <testcase name="@AfterClass endTest" time="0.0" classname="com.suite1.TestCases.TC01_TestCase">
    <skipped/>
  </testcase> <!-- @AfterClass endTest -->
  <testcase name="SearchPlansTestCase" time="0.0" classname="com.suite1.TestCases.TC01_TestCase">
    <skipped/>
  </testcase> <!-- SearchPlansTestCase -->
</testsuite> <!-- FirefoxTest -->
